[    13.326] (--) Log file renamed from "/home/hancy/.local/share/xorg/Xorg.pid-1323.log" to "/home/hancy/.local/share/xorg/Xorg.0.log"
[    13.327] 
X.Org X Server 1.19.6
Release Date: 2017-12-20
[    13.327] X Protocol Version 11, Revision 0
[    13.327] Build Operating System: Linux 4.4.0-119-generic x86_64 Ubuntu
[    13.327] Current Operating System: Linux hancy-virtual-machine 4.15.0-29-generic #31-Ubuntu SMP Tue Jul 17 15:39:52 UTC 2018 x86_64
[    13.327] Kernel command line: BOOT_IMAGE=/boot/vmlinuz-4.15.0-29-generic root=UUID=6f07d94d-9ede-4e87-bbb0-664401d4e0fd ro quiet splash
[    13.327] Build Date: 13 April 2018  08:07:36PM
[    13.327] xorg-server 2:1.19.6-1ubuntu4 (For technical support please see http://www.ubuntu.com/support) 
[    13.327] Current version of pixman: 0.34.0
[    13.327] 	Before reporting problems, check http://wiki.x.org
	to make sure that you have the latest version.
[    13.327] Markers: (--) probed, (**) from config file, (==) default setting,
	(++) from command line, (!!) notice, (II) informational,
	(WW) warning, (EE) error, (NI) not implemented, (??) unknown.
[    13.327] (==) Log file: "/home/hancy/.local/share/xorg/Xorg.0.log", Time: Thu Jul  4 14:58:48 2024
[    13.327] (==) Using system config directory "/usr/share/X11/xorg.conf.d"
[    13.328] (==) No Layout section.  Using the first Screen section.
[    13.328] (==) No screen section available. Using defaults.
[    13.328] (**) |-->Screen "Default Screen Section" (0)
[    13.328] (**) |   |-->Monitor "<default monitor>"
[    13.329] (==) No monitor specified for screen "Default Screen Section".
	Using a default monitor configuration.
[    13.329] (==) Automatically adding devices
[    13.329] (==) Automatically enabling devices
[    13.329] (==) Automatically adding GPU devices
[    13.329] (==) Automatically binding GPU devices
[    13.329] (==) Max clients allowed: 256, resource mask: 0x1fffff
[    13.329] (WW) The directory "/usr/share/fonts/X11/cyrillic" does not exist.
[    13.329] 	Entry deleted from font path.
[    13.329] (WW) The directory "/usr/share/fonts/X11/100dpi/" does not exist.
[    13.329] 	Entry deleted from font path.
[    13.329] (WW) The directory "/usr/share/fonts/X11/75dpi/" does not exist.
[    13.329] 	Entry deleted from font path.
[    13.329] (WW) The directory "/usr/share/fonts/X11/100dpi" does not exist.
[    13.329] 	Entry deleted from font path.
[    13.329] (WW) The directory "/usr/share/fonts/X11/75dpi" does not exist.
[    13.329] 	Entry deleted from font path.
[    13.329] (==) FontPath set to:
	/usr/share/fonts/X11/misc,
	/usr/share/fonts/X11/Type1,
	built-ins
[    13.329] (==) ModulePath set to "/usr/lib/xorg/modules"
[    13.329] (II) The server relies on udev to provide the list of input devices.
	If no devices become available, reconfigure udev or disable AutoAddDevices.
[    13.329] (II) Loader magic: 0x55e3e4ca4020
[    13.329] (II) Module ABI versions:
[    13.329] 	X.Org ANSI C Emulation: 0.4
[    13.329] 	X.Org Video Driver: 23.0
[    13.329] 	X.Org XInput driver : 24.1
[    13.329] 	X.Org Server Extension : 10.0
[    13.330] (++) using VT number 2

[    13.332] (II) systemd-logind: took control of session /org/freedesktop/login1/session/_32
[    13.332] (II) xfree86: Adding drm device (/dev/dri/card0)
[    13.334] (II) systemd-logind: got fd for /dev/dri/card0 226:0 fd 12 paused 0
[    13.338] (--) PCI:*(0:0:15:0) 15ad:0405:15ad:0405 rev 0, Mem @ 0xe8000000/134217728, 0xfe000000/8388608, I/O @ 0x00001070/16, BIOS @ 0x????????/131072
[    13.338] (II) LoadModule: "glx"
[    13.338] (II) Loading /usr/lib/xorg/modules/extensions/libglx.so
[    13.341] (II) Module glx: vendor="X.Org Foundation"
[    13.341] 	compiled for 1.19.6, module version = 1.0.0
[    13.341] 	ABI class: X.Org Server Extension, version 10.0
[    13.341] (==) Matched vmware as autoconfigured driver 0
[    13.341] (==) Matched vmware as autoconfigured driver 1
[    13.341] (==) Matched modesetting as autoconfigured driver 2
[    13.341] (==) Matched fbdev as autoconfigured driver 3
[    13.341] (==) Matched vesa as autoconfigured driver 4
[    13.341] (==) Assigned the driver to the xf86ConfigLayout
[    13.341] (II) LoadModule: "vmware"
[    13.341] (II) Loading /usr/lib/xorg/modules/drivers/vmware_drv.so
[    13.358] (II) Module vmware: vendor="X.Org Foundation"
[    13.358] 	compiled for 1.19.3, module version = 13.2.1
[    13.358] 	Module class: X.Org Video Driver
[    13.358] 	ABI class: X.Org Video Driver, version 23.0
[    13.358] (II) LoadModule: "modesetting"
[    13.359] (II) Loading /usr/lib/xorg/modules/drivers/modesetting_drv.so
[    13.359] (II) Module modesetting: vendor="X.Org Foundation"
[    13.359] 	compiled for 1.19.6, module version = 1.19.6
[    13.359] 	Module class: X.Org Video Driver
[    13.359] 	ABI class: X.Org Video Driver, version 23.0
[    13.359] (II) LoadModule: "fbdev"
[    13.359] (II) Loading /usr/lib/xorg/modules/drivers/fbdev_drv.so
[    13.360] (II) Module fbdev: vendor="X.Org Foundation"
[    13.360] 	compiled for 1.19.3, module version = 0.4.4
[    13.360] 	Module class: X.Org Video Driver
[    13.360] 	ABI class: X.Org Video Driver, version 23.0
[    13.360] (II) LoadModule: "vesa"
[    13.360] (II) Loading /usr/lib/xorg/modules/drivers/vesa_drv.so
[    13.361] (II) Module vesa: vendor="X.Org Foundation"
[    13.361] 	compiled for 1.19.3, module version = 2.3.4
[    13.361] 	Module class: X.Org Video Driver
[    13.361] 	ABI class: X.Org Video Driver, version 23.0
[    13.361] (II) vmware: driver for VMware SVGA: vmware0405, vmware0710
[    13.361] (II) modesetting: Driver for Modesetting Kernel Drivers: kms
[    13.361] (II) FBDEV: driver for framebuffer: fbdev
[    13.361] (II) VESA: driver for VESA chipsets: vesa
[    13.361] xf86EnableIOPorts: failed to set IOPL for I/O (Operation not permitted)
[    13.361] (WW) Falling back to old probe method for modesetting
[    13.361] (WW) Falling back to old probe method for fbdev
[    13.361] (II) Loading sub module "fbdevhw"
[    13.361] (II) LoadModule: "fbdevhw"
[    13.361] (II) Loading /usr/lib/xorg/modules/libfbdevhw.so
[    13.362] (II) Module fbdevhw: vendor="X.Org Foundation"
[    13.362] 	compiled for 1.19.6, module version = 0.0.2
[    13.362] 	ABI class: X.Org Video Driver, version 23.0
[    13.362] (EE) open /dev/fb0: Permission denied
[    13.362] (WW) Falling back to old probe method for vesa
[    13.362] (WW) VGA arbiter: cannot open kernel arbiter, no multi-card support
[    13.362] (II) vmware(0): Creating default Display subsection in Screen section
	"Default Screen Section" for depth/fbbpp 24/32
[    13.362] (--) vmware(0): DRM driver version is 2.14.0
[    13.362] (==) vmware(0): Depth 24, (--) framebuffer bpp 32
[    13.362] (==) vmware(0): RGB weight 888
[    13.362] (==) vmware(0): Default visual is TrueColor
[    13.362] (--) vmware(0): Min width 1, Max Width 8192.
[    13.362] (--) vmware(0): Min height 1, Max Height 8192.
[    13.362] (II) vmware(0): Output Virtual1 has no monitor section
[    13.362] (II) vmware(0): Output Virtual2 has no monitor section
[    13.363] (II) vmware(0): Output Virtual3 has no monitor section
[    13.363] (II) vmware(0): Output Virtual4 has no monitor section
[    13.363] (II) vmware(0): Output Virtual5 has no monitor section
[    13.363] (II) vmware(0): Output Virtual6 has no monitor section
[    13.363] (II) vmware(0): Output Virtual7 has no monitor section
[    13.363] (II) vmware(0): Output Virtual8 has no monitor section
[    13.363] (II) vmware(0): Printing probed modes for output Virtual1
[    13.363] (II) vmware(0): Modeline "800x600"x60.0   42.75  800 850 900 950  600 650 700 750 -hsync +vsync (45.0 kHz eP)
[    13.363] (II) vmware(0): Modeline "2560x1600"x60.0  348.50  2560 2752 3032 3504  1600 1603 1609 1658 -hsync +vsync (99.5 kHz e)
[    13.363] (II) vmware(0): Modeline "1920x1440"x60.0  234.00  1920 2048 2256 2600  1440 1441 1444 1500 -hsync +vsync (90.0 kHz e)
[    13.363] (II) vmware(0): Modeline "1856x1392"x60.0  218.25  1856 1952 2176 2528  1392 1393 1396 1439 -hsync +vsync (86.3 kHz e)
[    13.363] (II) vmware(0): Modeline "1792x1344"x60.0  204.75  1792 1920 2120 2448  1344 1345 1348 1394 -hsync +vsync (83.6 kHz e)
[    13.363] (II) vmware(0): Modeline "1920x1200"x59.9  193.25  1920 2056 2256 2592  1200 1203 1209 1245 -hsync +vsync (74.6 kHz e)
[    13.363] (II) vmware(0): Modeline "1600x1200"x60.0  162.00  1600 1664 1856 2160  1200 1201 1204 1250 +hsync +vsync (75.0 kHz e)
[    13.363] (II) vmware(0): Modeline "1680x1050"x60.0  146.25  1680 1784 1960 2240  1050 1053 1059 1089 -hsync +vsync (65.3 kHz e)
[    13.363] (II) vmware(0): Modeline "1400x1050"x60.0  121.75  1400 1488 1632 1864  1050 1053 1057 1089 -hsync +vsync (65.3 kHz e)
[    13.363] (II) vmware(0): Modeline "1280x1024"x60.0  108.00  1280 1328 1440 1688  1024 1025 1028 1066 +hsync +vsync (64.0 kHz e)
[    13.363] (II) vmware(0): Modeline "1440x900"x59.9  106.50  1440 1520 1672 1904  900 903 909 934 -hsync +vsync (55.9 kHz e)
[    13.363] (II) vmware(0): Modeline "1280x960"x60.0  108.00  1280 1376 1488 1800  960 961 964 1000 +hsync +vsync (60.0 kHz e)
[    13.363] (II) vmware(0): Modeline "1360x768"x60.0   85.50  1360 1424 1536 1792  768 771 777 795 +hsync +vsync (47.7 kHz e)
[    13.363] (II) vmware(0): Modeline "1280x800"x59.8   83.50  1280 1352 1480 1680  800 803 809 831 +hsync -vsync (49.7 kHz e)
[    13.363] (II) vmware(0): Modeline "1152x864"x75.0  108.00  1152 1216 1344 1600  864 865 868 900 +hsync +vsync (67.5 kHz e)
[    13.363] (II) vmware(0): Modeline "1280x768"x59.9   79.50  1280 1344 1472 1664  768 771 778 798 -hsync +vsync (47.8 kHz e)
[    13.363] (II) vmware(0): Modeline "1024x768"x60.0   65.00  1024 1048 1184 1344  768 771 777 806 -hsync -vsync (48.4 kHz e)
[    13.363] (II) vmware(0): Modeline "800x600"x60.3   40.00  800 840 968 1056  600 601 605 628 +hsync +vsync (37.9 kHz e)
[    13.363] (II) vmware(0): Modeline "640x480"x59.9   25.18  640 656 752 800  480 489 492 525 -hsync -vsync (31.5 kHz e)
[    13.363] (II) vmware(0): EDID for output Virtual2
[    13.363] (II) vmware(0): EDID for output Virtual3
[    13.363] (II) vmware(0): EDID for output Virtual4
[    13.363] (II) vmware(0): EDID for output Virtual5
[    13.364] (II) vmware(0): EDID for output Virtual6
[    13.364] (II) vmware(0): EDID for output Virtual7
[    13.364] (II) vmware(0): EDID for output Virtual8
[    13.364] (II) vmware(0): Output Virtual1 connected
[    13.364] (II) vmware(0): Output Virtual2 disconnected
[    13.364] (II) vmware(0): Output Virtual3 disconnected
[    13.364] (II) vmware(0): Output Virtual4 disconnected
[    13.364] (II) vmware(0): Output Virtual5 disconnected
[    13.364] (II) vmware(0): Output Virtual6 disconnected
[    13.364] (II) vmware(0): Output Virtual7 disconnected
[    13.364] (II) vmware(0): Output Virtual8 disconnected
[    13.364] (II) vmware(0): Using exact sizes for initial modes
[    13.364] (II) vmware(0): Output Virtual1 using initial mode 800x600 +0+0
[    13.364] (==) vmware(0): DPI set to (96, 96)
[    13.364] (==) vmware(0): Using gamma correction (1.0, 1.0, 1.0)
[    13.364] (II) Loading sub module "fb"
[    13.364] (II) LoadModule: "fb"
[    13.364] (II) Loading /usr/lib/xorg/modules/libfb.so
[    13.365] (II) Module fb: vendor="X.Org Foundation"
[    13.365] 	compiled for 1.19.6, module version = 1.0.0
[    13.365] 	ABI class: X.Org ANSI C Emulation, version 0.4
[    13.365] (II) Loading sub module "dri2"
[    13.365] (II) LoadModule: "dri2"
[    13.365] (II) Module "dri2" already built-in
[    13.365] (II) UnloadModule: "modesetting"
[    13.365] (II) Unloading modesetting
[    13.365] (II) UnloadModule: "fbdev"
[    13.365] (II) Unloading fbdev
[    13.365] (II) UnloadSubModule: "fbdevhw"
[    13.365] (II) Unloading fbdevhw
[    13.365] (II) UnloadModule: "vesa"
[    13.365] (II) Unloading vesa
[    13.365] (==) Depth 24 pixmap format is 32 bpp
[    13.366] (II) vmware(0): Initialized VMWARE_CTRL extension version 0.2
[    13.375] (II) vmware(0): Gallium3D XA version: 2.3.0.
[    13.375] (II) vmware(0): Path of drm device is "/dev/dri/card0".
[    13.375] (II) vmware(0): [DRI2] Setup complete
[    13.375] (II) vmware(0): [DRI2]   DRI driver: vmwgfx
[    13.375] (--) vmware(0): Render acceleration is enabled.
[    13.375] (==) vmware(0): Rendercheck mode is disabled.
[    13.375] (--) vmware(0): Direct rendering (3D) is enabled.
[    13.375] (==) vmware(0): Direct presents are disabled.
[    13.375] (==) vmware(0): Hardware only presents are automatic per scanout.
[    13.375] (==) vmware(0): Backing store enabled
[    13.375] (==) vmware(0): Silken mouse enabled
[    13.375] (II) vmware(0): RandR 1.2 enabled, ignore the following RandR disabled message.
[    13.376] (==) vmware(0): DPMS enabled
[    13.376] (--) RandR disabled
[    13.378] (II) SELinux: Disabled on system
[    13.385] (II) AIGLX: enabled GLX_MESA_copy_sub_buffer
[    13.385] (II) AIGLX: enabled GLX_ARB_create_context
[    13.385] (II) AIGLX: enabled GLX_ARB_create_context_profile
[    13.385] (II) AIGLX: enabled GLX_EXT_create_context_es{,2}_profile
[    13.385] (II) AIGLX: enabled GLX_EXT_framebuffer_sRGB
[    13.385] (II) AIGLX: enabled GLX_ARB_fbconfig_float
[    13.385] (II) AIGLX: enabled GLX_EXT_fbconfig_packed_float
[    13.385] (II) AIGLX: GLX_EXT_texture_from_pixmap backed by buffer objects
[    13.385] (II) AIGLX: Loaded and initialized vmwgfx
[    13.385] (II) GLX: Initialized DRI2 GL provider for screen 0
[    13.386] (II) vmware(0): Setting screen physical size to 211 x 158
[    13.409] (II) config/udev: Adding input device Power Button (/dev/input/event0)
[    13.409] (**) Power Button: Applying InputClass "libinput keyboard catchall"
[    13.409] (II) LoadModule: "libinput"
[    13.410] (II) Loading /usr/lib/xorg/modules/input/libinput_drv.so
[    13.411] (II) Module libinput: vendor="X.Org Foundation"
[    13.411] 	compiled for 1.19.6, module version = 0.27.1
[    13.411] 	Module class: X.Org XInput Driver
[    13.411] 	ABI class: X.Org XInput driver, version 24.1
[    13.411] (II) Using input driver 'libinput' for 'Power Button'
[    13.413] (II) systemd-logind: got fd for /dev/input/event0 13:64 fd 24 paused 0
[    13.413] (**) Power Button: always reports core events
[    13.413] (**) Option "Device" "/dev/input/event0"
[    13.413] (**) Option "_source" "server/udev"
[    13.413] (II) event0  - Power Button: is tagged by udev as: Keyboard
[    13.413] (II) event0  - Power Button: device is a keyboard
[    13.413] (II) event0  - Power Button: device removed
[    13.413] (**) Option "config_info" "udev:/sys/devices/LNXSYSTM:00/LNXPWRBN:00/input/input0/event0"
[    13.413] (II) XINPUT: Adding extended input device "Power Button" (type: KEYBOARD, id 6)
[    13.413] (**) Option "xkb_model" "pc105"
[    13.413] (**) Option "xkb_layout" "cn"
[    13.426] (II) event0  - Power Button: is tagged by udev as: Keyboard
[    13.426] (II) event0  - Power Button: device is a keyboard
[    13.426] (II) config/udev: Adding input device AT Translated Set 2 keyboard (/dev/input/event1)
[    13.426] (**) AT Translated Set 2 keyboard: Applying InputClass "libinput keyboard catchall"
[    13.426] (II) Using input driver 'libinput' for 'AT Translated Set 2 keyboard'
[    13.427] (II) systemd-logind: got fd for /dev/input/event1 13:65 fd 27 paused 0
[    13.427] (**) AT Translated Set 2 keyboard: always reports core events
[    13.427] (**) Option "Device" "/dev/input/event1"
[    13.427] (**) Option "_source" "server/udev"
[    13.427] (II) event1  - AT Translated Set 2 keyboard: is tagged by udev as: Keyboard
[    13.427] (II) event1  - AT Translated Set 2 keyboard: device is a keyboard
[    13.427] (II) event1  - AT Translated Set 2 keyboard: device removed
[    13.427] (**) Option "config_info" "udev:/sys/devices/platform/i8042/serio0/input/input1/event1"
[    13.427] (II) XINPUT: Adding extended input device "AT Translated Set 2 keyboard" (type: KEYBOARD, id 7)
[    13.427] (**) Option "xkb_model" "pc105"
[    13.427] (**) Option "xkb_layout" "cn"
[    13.428] (II) event1  - AT Translated Set 2 keyboard: is tagged by udev as: Keyboard
[    13.428] (II) event1  - AT Translated Set 2 keyboard: device is a keyboard
[    13.428] (II) config/udev: Adding input device VirtualPS/2 VMware VMMouse (/dev/input/event3)
[    13.428] (**) VirtualPS/2 VMware VMMouse: Applying InputClass "libinput pointer catchall"
[    13.428] (II) Using input driver 'libinput' for 'VirtualPS/2 VMware VMMouse'
[    13.428] (II) systemd-logind: got fd for /dev/input/event3 13:67 fd 28 paused 0
[    13.428] (**) VirtualPS/2 VMware VMMouse: always reports core events
[    13.428] (**) Option "Device" "/dev/input/event3"
[    13.428] (**) Option "_source" "server/udev"
[    13.429] (II) event3  - VirtualPS/2 VMware VMMouse: is tagged by udev as: Mouse
[    13.429] (II) event3  - VirtualPS/2 VMware VMMouse: device is a pointer
[    13.429] (II) event3  - VirtualPS/2 VMware VMMouse: device removed
[    13.429] (**) Option "config_info" "udev:/sys/devices/platform/i8042/serio1/input/input3/event3"
[    13.429] (II) XINPUT: Adding extended input device "VirtualPS/2 VMware VMMouse" (type: MOUSE, id 8)
[    13.429] (**) Option "AccelerationScheme" "none"
[    13.429] (**) VirtualPS/2 VMware VMMouse: (accel) selected scheme none/0
[    13.429] (**) VirtualPS/2 VMware VMMouse: (accel) acceleration factor: 2.000
[    13.429] (**) VirtualPS/2 VMware VMMouse: (accel) acceleration threshold: 4
[    13.429] (II) event3  - VirtualPS/2 VMware VMMouse: is tagged by udev as: Mouse
[    13.429] (II) event3  - VirtualPS/2 VMware VMMouse: device is a pointer
[    13.429] (II) config/udev: Adding input device VirtualPS/2 VMware VMMouse (/dev/input/mouse1)
[    13.429] (II) No input driver specified, ignoring this device.
[    13.429] (II) This device may have been added with another device file.
[    13.429] (II) config/udev: Adding input device VirtualPS/2 VMware VMMouse (/dev/input/event2)
[    13.429] (**) VirtualPS/2 VMware VMMouse: Applying InputClass "libinput pointer catchall"
[    13.429] (II) Using input driver 'libinput' for 'VirtualPS/2 VMware VMMouse'
[    13.430] (II) systemd-logind: got fd for /dev/input/event2 13:66 fd 29 paused 0
[    13.430] (**) VirtualPS/2 VMware VMMouse: always reports core events
[    13.430] (**) Option "Device" "/dev/input/event2"
[    13.430] (**) Option "_source" "server/udev"
[    13.430] (II) event2  - VirtualPS/2 VMware VMMouse: is tagged by udev as: Mouse
[    13.430] (II) event2  - VirtualPS/2 VMware VMMouse: device is a pointer
[    13.430] (II) event2  - VirtualPS/2 VMware VMMouse: device removed
[    13.430] (**) Option "config_info" "udev:/sys/devices/platform/i8042/serio1/input/input4/event2"
[    13.430] (II) XINPUT: Adding extended input device "VirtualPS/2 VMware VMMouse" (type: MOUSE, id 9)
[    13.430] (**) Option "AccelerationScheme" "none"
[    13.430] (**) VirtualPS/2 VMware VMMouse: (accel) selected scheme none/0
[    13.430] (**) VirtualPS/2 VMware VMMouse: (accel) acceleration factor: 2.000
[    13.430] (**) VirtualPS/2 VMware VMMouse: (accel) acceleration threshold: 4
[    13.430] (II) event2  - VirtualPS/2 VMware VMMouse: is tagged by udev as: Mouse
[    13.430] (II) event2  - VirtualPS/2 VMware VMMouse: device is a pointer
[    13.431] (II) config/udev: Adding input device VirtualPS/2 VMware VMMouse (/dev/input/mouse0)
[    13.431] (II) No input driver specified, ignoring this device.
[    13.431] (II) This device may have been added with another device file.
[   327.028] (DB) vmware(0): New layout.
[   327.028] (DB) vmware(0): 0: 0 0 1718 926
[   327.028] (DB) vmware(0): 
[  1144.856] (DB) vmware(0): New layout.
[  1144.856] (DB) vmware(0): 0: 0 0 800 600
[  1144.856] (DB) vmware(0): 
[  1368.880] (DB) vmware(0): New layout.
[  1368.880] (DB) vmware(0): 0: 0 0 1718 926
[  1368.880] (DB) vmware(0): 
[  1693.972] (DB) vmware(0): New layout.
[  1693.972] (DB) vmware(0): 0: 0 0 800 600
[  1693.972] (DB) vmware(0): 
